Determining if the pthread_create exist failed with the following output:
Change Dir: /home/xinyu/workspace/360/apriltag_Dir/apriltag/buildPc/CMakeFiles/CMakeTmp

Run Build Command:"/usr/bin/make" "cmTC_1715d/fast"
/usr/bin/make -f CMakeFiles/cmTC_1715d.dir/build.make CMakeFiles/cmTC_1715d.dir/build
make[1]: 进入目录“/home/xinyu/workspace/360/apriltag_Dir/apriltag/buildPc/CMakeFiles/CMakeTmp”
Building C object CMakeFiles/cmTC_1715d.dir/CheckSymbolExists.c.o
/usr/bin/cc    -o CMakeFiles/cmTC_1715d.dir/CheckSymbolExists.c.o   -c /home/xinyu/workspace/360/apriltag_Dir/apriltag/buildPc/CMakeFiles/CMakeTmp/CheckSymbolExists.c
Linking C executable cmTC_1715d
/usr/bin/cmake -E cmake_link_script CMakeFiles/cmTC_1715d.dir/link.txt --verbose=1
/usr/bin/cc      -rdynamic CMakeFiles/cmTC_1715d.dir/CheckSymbolExists.c.o  -o cmTC_1715d 
CMakeFiles/cmTC_1715d.dir/CheckSymbolExists.c.o：在函数‘main’中：
CheckSymbolExists.c:(.text+0x1b)：对‘pthread_create’未定义的引用
collect2: error: ld returned 1 exit status
CMakeFiles/cmTC_1715d.dir/build.make:97: recipe for target 'cmTC_1715d' failed
make[1]: *** [cmTC_1715d] Error 1
make[1]: 离开目录“/home/xinyu/workspace/360/apriltag_Dir/apriltag/buildPc/CMakeFiles/CMakeTmp”
Makefile:126: recipe for target 'cmTC_1715d/fast' failed
make: *** [cmTC_1715d/fast] Error 2

File /home/xinyu/workspace/360/apriltag_Dir/apriltag/buildPc/CMakeFiles/CMakeTmp/CheckSymbolExists.c:
/* */
#include <pthread.h>

int main(int argc, char** argv)
{
  (void)argv;
#ifndef pthread_create
  return ((int*)(&pthread_create))[argc];
#else
  (void)argc;
  return 0;
#endif
}

Determining if the function pthread_create exists in the pthreads failed with the following output:
Change Dir: /home/xinyu/workspace/360/apriltag_Dir/apriltag/buildPc/CMakeFiles/CMakeTmp

Run Build Command:"/usr/bin/make" "cmTC_4510e/fast"
/usr/bin/make -f CMakeFiles/cmTC_4510e.dir/build.make CMakeFiles/cmTC_4510e.dir/build
make[1]: 进入目录“/home/xinyu/workspace/360/apriltag_Dir/apriltag/buildPc/CMakeFiles/CMakeTmp”
Building C object CMakeFiles/cmTC_4510e.dir/CheckFunctionExists.c.o
/usr/bin/cc   -DCHECK_FUNCTION_EXISTS=pthread_create   -o CMakeFiles/cmTC_4510e.dir/CheckFunctionExists.c.o   -c /usr/share/cmake-3.10/Modules/CheckFunctionExists.c
Linking C executable cmTC_4510e
/usr/bin/cmake -E cmake_link_script CMakeFiles/cmTC_4510e.dir/link.txt --verbose=1
/usr/bin/cc  -DCHECK_FUNCTION_EXISTS=pthread_create    -rdynamic CMakeFiles/cmTC_4510e.dir/CheckFunctionExists.c.o  -o cmTC_4510e -lpthreads 
/usr/bin/ld: 找不到 -lpthreads
collect2: error: ld returned 1 exit status
CMakeFiles/cmTC_4510e.dir/build.make:97: recipe for target 'cmTC_4510e' failed
make[1]: *** [cmTC_4510e] Error 1
make[1]: 离开目录“/home/xinyu/workspace/360/apriltag_Dir/apriltag/buildPc/CMakeFiles/CMakeTmp”
Makefile:126: recipe for target 'cmTC_4510e/fast' failed
make: *** [cmTC_4510e/fast] Error 2


